Arguments: 
  /Applications/Framer X.app/Contents/Resources/Node/bin/node /Applications/Framer X.app/Contents/Resources/Server/node_modules/yarn/bin/yarn.js outdated --cwd /Users/gracelee/Library/Autosave Information/Framer-BF66A8B9-2DA3-4883-9902-6A6BC935A412/container --skip-integrity-check --cache-folder /Users/gracelee/Library/Caches/Framer/yarn/cache --mutex file:/Users/gracelee/Library/Caches/Framer/yarn/mutex --json --ignore-scripts --link-folder /Users/gracelee/Library/Application Support/Framer X/yarn-link-folder

PATH: 
  undefined

Yarn version: 
  1.15.2

Node version: 
  10.13.0

Platform: 
  darwin x64

Trace: 
  Error: connect ENETDOWN 52.222.255.88:443 - Local (192.168.3.1:55482)
      at internalConnect (net.js:884:16)
      at defaultTriggerAsyncIdScope (internal/async_hooks.js:294:19)
      at emitLookup (net.js:1031:9)
      at /Applications/Framer X.app/Contents/Resources/Server/node_modules/yarn/lib/cli.js:106696:29
      at /Applications/Framer X.app/Contents/Resources/Server/node_modules/yarn/lib/cli.js:106542:25
      at RawTask.module.exports.RawTask.call (/Applications/Framer X.app/Contents/Resources/Server/node_modules/yarn/lib/cli.js:82928:19)
      at flush (/Applications/Framer X.app/Contents/Resources/Server/node_modules/yarn/lib/cli.js:83010:29)
      at process._tickCallback (internal/process/next_tick.js:61:11)

npm manifest: 
  {
  	"main": "dist/index.js",
  	"license": "MIT",
  	"devDependencies": {
  		"@types/react": "^16.4.16",
  		"framer": "1.0.2"
  	},
  	"peerDependencies": {
  		"framer": "^0.10 || ^1",
  		"react": "^16.3.0",
  		"react-dom": "^16.3.0"
  	},
  	"framer": {
  		"id": "0b74176d-4d2a-4925-a746-0efbabcfa2d6"
  	},
  	"author": "grace lee",
  	"dependencies": {
  		"@framer/addison.pagination": "^1.10.0",
  		"@framer/asci.animate": "^1.10.0",
  		"@framer/derlukas.scroll-away": "^1.7.0",
  		"@framer/floris.unsplash": "^1.1.0",
  		"@framer/ismael.sticky": "^1.1.0",
  		"@framer/jacopomoretto.carousel": "^1.27.0",
  		"@framer/lintonye.parallax": "^1.39.0",
  		"@framer/maxsteitle.progress-bar": "^1.2.0",
  		"@framer/nochevolta.bottomsheet": "^1.14.0",
  		"@framer/perrysmotors.sticky-headers": "^1.16.0",
  		"@framer/steveruizok.page-indicator": "^1.5.0"
  	}
  }

yarn manifest: 
  No manifest

Lockfile: 
  # THIS IS AN AUTOGENERATED FILE. DO NOT EDIT THIS FILE DIRECTLY.
  # yarn lockfile v1
  
  
  "@babel/runtime@^7.2.0":
    version "7.4.4"
    resolved "https://registry.yarnpkg.com/@babel/runtime/-/runtime-7.4.4.tgz#dc2e34982eb236803aa27a07fea6857af1b9171d"
    integrity sha512-w0+uT71b6Yi7i5SE0co4NioIpSYS6lLiXvCzWzGSKvpK5vdQtCbICHMj+gbAKAOtxiV6HsVh/MBdaF9EQ6faSg==
    dependencies:
      regenerator-runtime "^0.13.2"
  
  "@framer/addison.pagination@^1.10.0":
    version "1.10.0"
    resolved "https://registry.framer.com/@framer/addison.pagination/-/@framer/addison.pagination-1.10.0.tgz#08036df0976178d7552fa18fa0e6eb8de7967b3c"
    integrity sha512-h8DXiqgBA0/3lCbmSMaEFea2wVz3XQGuQ7mmCQ6Avq2fzQM6HOpJVTKm/1aiKuPte3Rh7YSZQ5x7DqjpxBGYuw==
  
  "@framer/asci.animate@^1.10.0":
    version "1.10.0"
    resolved "https://registry.framer.com/@framer/asci.animate/-/@framer/asci.animate-1.10.0.tgz#9194bcf3848dcdcb5655ae4bc33ac85a0deb984a"
    integrity sha512-8Gz/vnmmmqi6Wv3Z7k3Fvp+luvzz7uYMWco4HKKqa7TfzMKWdRY+kbQvYC22WSfHWOggNXIzMTQFEV+wFsdJxA==
  
  "@framer/derlukas.scroll-away@^1.2.0", "@framer/derlukas.scroll-away@^1.7.0":
    version "1.7.0"
    resolved "https://registry.framer.com/@framer/derlukas.scroll-away/-/@framer/derlukas.scroll-away-1.7.0.tgz#b4fbd3ec3e107f7cc1b7b138456158468ca9fc97"
    integrity sha512-ImwR4sC33uZVIgnum9ajMsEXmM+1QD/0ynPKPeIdhx6GL3zmWdyvZZrbyMi96ZmFeWqeyETWYWco95N0pg1rcQ==
    dependencies:
      "@framer/derlukas.scroll-away" "^1.2.0"
  
  "@framer/floris.unsplash@^1.1.0":
    version "1.1.0"
    resolved "https://registry.framer.com/@framer/floris.unsplash/-/@framer/floris.unsplash-1.1.0.tgz#1fb80fd4db4d9bd46bf20a6c1da3d83f756caa0a"
    integrity sha1-H7gP1NtNm9Rr8gpsHaPYP3Vsqgo=
  
  "@framer/ismael.sticky@^1.1.0":
    version "1.1.0"
    resolved "https://registry.framer.com/@framer/ismael.sticky/-/@framer/ismael.sticky-1.1.0.tgz#9337e71feb8f58138bb613177bedab7d313efc36"
    integrity sha1-kzfnH+uPWBOLthMXe+2rfTE+/DY=
  
  "@framer/jacopomoretto.carousel@^1.27.0":
    version "1.27.0"
    resolved "https://registry.framer.com/@framer/jacopomoretto.carousel/-/@framer/jacopomoretto.carousel-1.27.0.tgz#49dad083801b5fb2bbcd310c4e686756554ba484"
    integrity sha1-SdrQg4AbX7K7zTEMTmhnVlVLpIQ=
    dependencies:
      nuka-carousel "4.3.6"
  
  "@framer/lintonye.parallax@^1.39.0":
    version "1.39.0"
    resolved "https://registry.framer.com/@framer/lintonye.parallax/-/@framer/lintonye.parallax-1.39.0.tgz#027736ef723ac06b6225baf226d2ad6206a1ff81"
    integrity sha512-bo0SVi98Ol8NyQi2HyS+E/3dxXzlD0gs5/nGGpjouhBdkwZEXyDS83tmbW/LdUjC9m4T5ZPfKZemuebG3rygSw==
    dependencies:
      mathjs "^5.2.0"
  
  "@framer/maxsteitle.progress-bar@^1.2.0":
    version "1.2.0"
    resolved "https://registry.framer.com/@framer/maxsteitle.progress-bar/-/@framer/maxsteitle.progress-bar-1.2.0.tgz#16e2c97b4bd7b697b2fa340526fd9dd0f17c62ea"
    integrity sha1-FuLJe0vXtpey+jQFJv2d0PF8Yuo=
  
  "@framer/nochevolta.bottomsheet@^1.14.0":
    version "1.14.0"
    resolved "https://registry.framer.com/@framer/nochevolta.bottomsheet/-/@framer/nochevolta.bottomsheet-1.14.0.tgz#f55a243e5d7921416c68928fa94f7ba0e4d75e06"
    integrity sha1-9VokPl15IUFsaJKPqU97oOTXXgY=
  
  "@framer/perrysmotors.sticky-headers@^1.16.0":
    version "1.16.0"
    resolved "https://registry.framer.com/@framer/perrysmotors.sticky-headers/-/@framer/perrysmotors.sticky-headers-1.16.0.tgz#a038ce193e3b2ceb5a469a89e87a87f09c323ab5"
    integrity sha512-714XQZXZLZ+vylR64p3duEDc2B/eWQ5RbYJglIAm5WG71RIioXVHW8RMv4o8+gBzyAC2TvJkYta0ZtcmNp1Dhg==
  
  "@framer/steveruizok.page-indicator@^1.5.0":
    version "1.5.0"
    resolved "https://registry.framer.com/@framer/steveruizok.page-indicator/-/@framer/steveruizok.page-indicator-1.5.0.tgz#a15c0e9a551cb7f80f3cd0af9a0eb515c5e43898"
    integrity sha1-oVwOmlUct/gPPNCvmg61FcXkOJg=
  
  "@types/prop-types@*":
    version "15.5.6"
    resolved "https://registry.yarnpkg.com/@types/prop-types/-/prop-types-15.5.6.tgz#9c03d3fed70a8d517c191b7734da2879b50ca26c"
    integrity sha512-ZBFR7TROLVzCkswA3Fmqq+IIJt62/T7aY/Dmz+QkU7CaW2QFqAitCE8Ups7IzmGhcN1YWMBT4Qcoc07jU9hOJQ==
  
  "@types/react@^16.4.16":
    version "16.4.16"
    resolved "https://registry.yarnpkg.com/@types/react/-/react-16.4.16.tgz#99f91b1200ae8c2062030402006d3b3c3a177043"
    integrity sha512-lxyoipLWweAnLnSsV4Ho2NAZTKKmxeYgkTQ6PaDiPDU9JJBUY2zJVVGiK1smzYv8+ZgbqEmcm5xM74GCpunSEA==
    dependencies:
      "@types/prop-types" "*"
      csstype "^2.2.0"
  
  complex.js@2.0.11:
    version "2.0.11"
    resolved "https://registry.yarnpkg.com/complex.js/-/complex.js-2.0.11.tgz#09a873fbf15ffd8c18c9c2201ccef425c32b8bf1"
    integrity sha512-6IArJLApNtdg1P1dFtn3dnyzoZBEF0MwMnrfF1exSBRpZYoy4yieMkpZhQDC0uwctw48vii0CFVyHfpgZ/DfGw==
  
  csstype@^2.2.0:
    version "2.5.5"
    resolved "https://registry.yarnpkg.com/csstype/-/csstype-2.5.5.tgz#4125484a3d42189a863943f23b9e4b80fedfa106"
    integrity sha512-EGMjeoiN3aqEX5u/cyH5mSdGBDGdLcCQvcEcBWNGFSPXKd9uOTIeVG91YQ22OxI44DKpvI+4C7VUSmEpsHWJaA==
  
  d3-color@1:
    version "1.2.3"
    resolved "https://registry.yarnpkg.com/d3-color/-/d3-color-1.2.3.tgz#6c67bb2af6df3cc8d79efcc4d3a3e83e28c8048f"
    integrity sha512-x37qq3ChOTLd26hnps36lexMRhNXEtVxZ4B25rL0DVdDsGQIJGB18S7y9XDwlDD6MD/ZBzITCf4JjGMM10TZkw==
  
  d3-ease@^1.0.3:
    version "1.0.5"
    resolved "https://registry.yarnpkg.com/d3-ease/-/d3-ease-1.0.5.tgz#8ce59276d81241b1b72042d6af2d40e76d936ffb"
    integrity sha512-Ct1O//ly5y5lFM9YTdu+ygq7LleSgSE4oj7vUt9tPLHUi8VCV7QoizGpdWRWAwCO9LdYzIrQDg97+hGVdsSGPQ==
  
  d3-interpolate@^1.3.2:
    version "1.3.2"
    resolved "https://registry.yarnpkg.com/d3-interpolate/-/d3-interpolate-1.3.2.tgz#417d3ebdeb4bc4efcc8fd4361c55e4040211fd68"
    integrity sha512-NlNKGopqaz9qM1PXh9gBF1KSCVh+jSFErrSlD/4hybwoNX/gt1d8CDbDW+3i+5UOHhjC6s6nMvRxcuoMVNgL2w==
    dependencies:
      d3-color "1"
  
  d3-timer@^1.0.9:
    version "1.0.9"
    resolved "https://registry.yarnpkg.com/d3-timer/-/d3-timer-1.0.9.tgz#f7bb8c0d597d792ff7131e1c24a36dd471a471ba"
    integrity sha512-rT34J5HnQUHhcLvhSB9GjCkN0Ddd5Y8nCwDBG2u6wQEeYxT/Lf51fTFFkldeib/sE/J0clIe0pnCfs6g/lRbyg==
  
  decimal.js@10.1.1:
    version "10.1.1"
    resolved "https://registry.yarnpkg.com/decimal.js/-/decimal.js-10.1.1.tgz#fb541922a2e8fc618f5e6fbb474e281ed3d2a64c"
    integrity sha512-vEEgyk1fWVEnv7lPjkNedAIjzxQDue5Iw4FeX4UkNUDSVyD/jZTD0Bw2kAO7k6iyyJRAhM9oxxI0D1ET6k0Mmg==
  
  escape-latex@1.2.0:
    version "1.2.0"
    resolved "https://registry.yarnpkg.com/escape-latex/-/escape-latex-1.2.0.tgz#07c03818cf7dac250cce517f4fda1b001ef2bca1"
    integrity sha512-nV5aVWW1K0wEiUIEdZ4erkGGH8mDxGyxSeqPzRNtWP7ataw+/olFObw7hujFWlVjNsaDFw5VZ5NzVSIqRgfTiw==
  
  exenv@^1.2.0:
    version "1.2.2"
    resolved "https://registry.yarnpkg.com/exenv/-/exenv-1.2.2.tgz#2ae78e85d9894158670b03d47bec1f03bd91bb9d"
    integrity sha1-KueOhdmJQVhnCwPUe+wfA72Ru50=
  
  fraction.js@4.0.12:
    version "4.0.12"
    resolved "https://registry.yarnpkg.com/fraction.js/-/fraction.js-4.0.12.tgz#0526d47c65a5fb4854df78bc77f7bec708d7b8c3"
    integrity sha512-8Z1K0VTG4hzYY7kA/1sj4/r1/RWLBD3xwReT/RCrUCbzPszjNQCCsy3ktkU/eaEqX3MYa4pY37a52eiBlPMlhA==
  
  framer@1.0.2:
    version "1.0.2"
    resolved "https://registry.yarnpkg.com/framer/-/framer-1.0.2.tgz#9d9a523e00f1e2b059f2b0b3ad850ff468fc53fe"
    integrity sha512-/EenhGgBTZA7CxmrUEz/8lCLVCs/BhbsUy+avGmxUbaZugOv7D4iJ9e44pYqqHpeDsAs8ulHUhrknp3RHxDrrA==
    dependencies:
      style-value-types "^3.1.4"
  
  hey-listen@^1.0.8:
    version "1.0.8"
    resolved "https://registry.yarnpkg.com/hey-listen/-/hey-listen-1.0.8.tgz#8e59561ff724908de1aa924ed6ecc84a56a9aa68"
    integrity sha512-COpmrF2NOg4TBWUJ5UVyaCU2A88wEMkUPK4hNqyCkqHbxT92BbvfjoSozkAIIm6XhicGlJHhFdullInrdhwU8Q==
  
  javascript-natural-sort@0.7.1:
    version "0.7.1"
    resolved "https://registry.yarnpkg.com/javascript-natural-sort/-/javascript-natural-sort-0.7.1.tgz#f9e2303d4507f6d74355a73664d1440fb5a0ef59"
    integrity sha1-+eIwPUUH9tdDVac2ZNFED7Wg71k=
  
  "js-tokens@^3.0.0 || ^4.0.0":
    version "4.0.0"
    resolved "https://registry.yarnpkg.com/js-tokens/-/js-tokens-4.0.0.tgz#19203fb59991df98e3a287050d4647cdeaf32499"
    integrity sha512-RdJUflcE3cUzKiMqQgsCu06FPu9UdIJO0beYbPhHN4k6apgJtifcoCtT9bcxOpYBtpD2kCM6Sbzg4CausW/PKQ==
  
  loose-envify@^1.4.0:
    version "1.4.0"
    resolved "https://registry.yarnpkg.com/loose-envify/-/loose-envify-1.4.0.tgz#71ee51fa7be4caec1a63839f7e682d8132d30caf"
    integrity sha512-lyuxPGr/Wfhrlem2CL/UcnUc1zcqKAImBDzukY7Y5F/yQiNdko6+fRLevlw1HgMySw7f611UIY408EtxRSoK3Q==
    dependencies:
      js-tokens "^3.0.0 || ^4.0.0"
  
  mathjs@^5.2.0:
    version "5.9.0"
    resolved "https://registry.yarnpkg.com/mathjs/-/mathjs-5.9.0.tgz#e926feb1c67c2cae103512dd35ddc2573106e1e5"
    integrity sha512-f1xmJklkTCr48y023cFy/ZSoVzOfgHp1gutvebi/Vv5RLly6j8G9T2/XHkfXewZKcwPDbhBkFEYljaCjudxulQ==
    dependencies:
      complex.js "2.0.11"
      decimal.js "10.1.1"
      escape-latex "1.2.0"
      fraction.js "4.0.12"
      javascript-natural-sort "0.7.1"
      seed-random "2.2.0"
      tiny-emitter "2.1.0"
      typed-function "1.1.0"
  
  nuka-carousel@4.3.6:
    version "4.3.6"
    resolved "https://registry.yarnpkg.com/nuka-carousel/-/nuka-carousel-4.3.6.tgz#320242a15b9f8ccc381a9ef263a3d6d31947528f"
    integrity sha512-qFmU296MKXqZA55hIL1Ta31gMTr9m6NokF+sVpg5zxfdBgDzyxOL87xJ4DzVXrW9wGIPrkINGSyZjv5l1xelEA==
    dependencies:
      d3-ease "^1.0.3"
      exenv "^1.2.0"
      prop-types "^15.6.0"
      react-move "^2.7.0"
  
  object-assign@^4.1.1:
    version "4.1.1"
    resolved "https://registry.yarnpkg.com/object-assign/-/object-assign-4.1.1.tgz#2109adc7965887cfc05cbbd442cac8bfbb360863"
    integrity sha1-IQmtx5ZYh8/AXLvUQsrIv7s2CGM=
  
  prop-types@^15.6.0, prop-types@^15.6.2:
    version "15.7.2"
    resolved "https://registry.yarnpkg.com/prop-types/-/prop-types-15.7.2.tgz#52c41e75b8c87e72b9d9360e0206b99dcbffa6c5"
    integrity sha512-8QQikdH7//R2vurIJSutZ1smHYTcLpRWEOlHnzcWHmBYrOGUysKwSsrC89BCiFj3CbrfJ/nXFdJepOVrY1GCHQ==
    dependencies:
      loose-envify "^1.4.0"
      object-assign "^4.1.1"
      react-is "^16.8.1"
  
  react-is@^16.8.1:
    version "16.8.6"
    resolved "https://registry.yarnpkg.com/react-is/-/react-is-16.8.6.tgz#5bbc1e2d29141c9fbdfed456343fe2bc430a6a16"
    integrity sha512-aUk3bHfZ2bRSVFFbbeVS4i+lNPZr3/WM5jT2J5omUVV1zzcs1nAaf3l51ctA5FFvCRbhrH0bdAsRRQddFJZPtA==
  
  react-lifecycles-compat@^3.0.4:
    version "3.0.4"
    resolved "https://registry.yarnpkg.com/react-lifecycles-compat/-/react-lifecycles-compat-3.0.4.tgz#4f1a273afdfc8f3488a8c516bfda78f872352362"
    integrity sha512-fBASbA6LnOU9dOU2eW7aQ8xmYBSXUIWr+UmF9b1efZBazGNO+rcXT/icdKnYm2pTwcRylVUYwW7H1PHfLekVzA==
  
  react-move@^2.7.0:
    version "2.9.1"
    resolved "https://registry.yarnpkg.com/react-move/-/react-move-2.9.1.tgz#966a1e7312795b03aa6b4834f9392a3bfbbe2ca0"
    integrity sha512-5qKYsJrKKpSypEaaYyR2HBbBgX65htRqKDa8o5OGDkq2VfklmTCbLawtYFpdmcJRqbz4jCYpzo2Rrsazq9HA8Q==
    dependencies:
      "@babel/runtime" "^7.2.0"
      d3-interpolate "^1.3.2"
      d3-timer "^1.0.9"
      prop-types "^15.6.2"
      react-lifecycles-compat "^3.0.4"
  
  regenerator-runtime@^0.13.2:
    version "0.13.2"
    resolved "https://registry.yarnpkg.com/regenerator-runtime/-/regenerator-runtime-0.13.2.tgz#32e59c9a6fb9b1a4aff09b4930ca2d4477343447"
    integrity sha512-S/TQAZJO+D3m9xeN1WTI8dLKBBiRgXBlTJvbWjCThHWZj9EvHK70Ff50/tYj2J/fvBY6JtFVwRuazHN2E7M9BA==
  
  seed-random@2.2.0:
    version "2.2.0"
    resolved "https://registry.yarnpkg.com/seed-random/-/seed-random-2.2.0.tgz#2a9b19e250a817099231a5b99a4daf80b7fbed54"
    integrity sha1-KpsZ4lCoFwmSMaW5mk2vgLf77VQ=
  
  style-value-types@^3.1.4:
    version "3.1.4"
    resolved "https://registry.yarnpkg.com/style-value-types/-/style-value-types-3.1.4.tgz#8c0959d26405eb0cbad40097b496220d41c22169"
    integrity sha512-jHxRZWQpx6imY+QIveHTZwGOJWJqX3Cmt6Yk1zCGeQjk4noEsX+lfvFJUmRPpZL3VTrfGrHtjVWTcvcHx/OFhQ==
    dependencies:
      hey-listen "^1.0.8"
  
  tiny-emitter@2.1.0:
    version "2.1.0"
    resolved "https://registry.yarnpkg.com/tiny-emitter/-/tiny-emitter-2.1.0.tgz#1d1a56edfc51c43e863cbb5382a72330e3555423"
    integrity sha512-NB6Dk1A9xgQPMoGqC5CVXn123gWyte215ONT5Pp5a0yt4nlEoO1ZWeCwpncaekPHXO60i47ihFnZPiRPjRMq4Q==
  
  typed-function@1.1.0:
    version "1.1.0"
    resolved "https://registry.yarnpkg.com/typed-function/-/typed-function-1.1.0.tgz#ea149706e0fb42aca1791c053a6d94ccd6c4fdcb"
    integrity sha512-TuQzwiT4DDg19beHam3E66oRXhyqlyfgjHB/5fcvsRXbfmWPJfto9B4a0TBdTrQAPGlGmXh/k7iUI+WsObgORA==
